<?xml version="1.0" encoding="UTF-8"?>
<!-- Generated by org.testng.reporters.JUnitXMLReporter -->
<testsuite ignored="0" hostname="LAPTOP-6IBDOUCS" failures="0" tests="3" name="Default test" time="0.055" errors="0" timestamp="2022-09-16T23:32:02 IST">
  <testcase classname="test.day3" name="MobileSignOutCarLoan" time="0.007"/>
  <testcase classname="test.day3" name="MobileSignOutCarLoan" time="0.002"/>
  <testcase classname="test.day3" name="MobileSignOutCarLoan" time="0.001"/>
</testsuite> <!-- Default test -->
