<?xml version="1.0" encoding="UTF-8"?>
<!-- Generated by org.testng.reporters.JUnitXMLReporter -->
<testsuite ignored="0" hostname="LAPTOP-6IBDOUCS" failures="0" tests="7" name="Personal Loan" time="0.129" errors="0" timestamp="2022-09-14T01:18:41 IST">
  <testcase classname="test.Basisday1" name="Demo" time="0.014"/>
  <testcase classname="test.Basisday1" name="SecondTest" time="0.002"/>
  <testcase classname="test.day2" name="demo2" time="0.002"/>
  <testcase classname="test.day3" name="MobileSignOutCarLoan" time="0.002"/>
  <testcase classname="test.day3" name="MobileSigninCarLoan" time="0.004"/>
  <testcase classname="test.day3" name="WebLoginCarLoan" time="0.002"/>
  <testcase classname="test.day4" name="WebLoginHomeLoan" time="0.002"/>
</testsuite> <!-- Personal Loan -->
